This file contains any messages produced by compilers while
running configure, to aid debugging if configure makes a mistake.

It was created by configure, which was
generated by GNU Autoconf 2.61.  Invocation command line was

  $ ./configure 

## --------- ##
## Platform. ##
## --------- ##

hostname = watchwolf
uname -m = i686
uname -r = 2.6.20-15-generic
uname -s = Linux
uname -v = #2 SMP Sun Apr 15 07:36:31 UTC 2007

/usr/bin/uname -p = unknown
/bin/uname -X     = unknown

/bin/arch              = i686
/usr/bin/arch -k       = unknown
/usr/convex/getsysinfo = unknown
/usr/bin/hostinfo      = unknown
/bin/machine           = unknown
/usr/bin/oslevel       = unknown
/bin/universe          = unknown

PATH: /opt/e17/bin
PATH: /opt/e17/bin
PATH: /home/watchwolf/bin
PATH: /usr/local/sbin
PATH: /usr/local/bin
PATH: /usr/sbin
PATH: /usr/bin
PATH: /sbin
PATH: /bin
PATH: /usr/games


## ----------- ##
## Core tests. ##
## ----------- ##

configure:1968: checking build system type
configure:1986: result: i686-pc-linux-gnu
configure:2008: checking host system type
configure:2023: result: i686-pc-linux-gnu
configure:2093: checking for gcc
configure:2109: found /usr/bin/gcc
configure:2120: result: gcc
configure:2358: checking for C compiler version
configure:2365: gcc --version >&5
gcc (GCC) 4.1.2 (Ubuntu 4.1.2-0ubuntu4)
Copyright (C) 2006 Free Software Foundation, Inc.
This is free software; see the source for copying conditions.  There is NO
warranty; not even for MERCHANTABILITY or FITNESS FOR A PARTICULAR PURPOSE.

configure:2368: $? = 0
configure:2375: gcc -v >&5
Using built-in specs.
Target: i486-linux-gnu
Configured with: ../src/configure -v --enable-languages=c,c++,fortran,objc,obj-c++,treelang --prefix=/usr --enable-shared --with-system-zlib --libexecdir=/usr/lib --without-included-gettext --enable-threads=posix --enable-nls --program-suffix=-4.1 --enable-__cxa_atexit --enable-clocale=gnu --enable-libstdcxx-debug --enable-mpfr --enable-checking=release i486-linux-gnu
Thread model: posix
gcc version 4.1.2 (Ubuntu 4.1.2-0ubuntu4)
configure:2378: $? = 0
configure:2385: gcc -V >&5
gcc: '-V' option must have argument
configure:2388: $? = 1
configure:2411: checking for C compiler default output file name
configure:2438: gcc    conftest.c  >&5
configure:2441: $? = 0
configure:2479: result: a.out
configure:2496: checking whether the C compiler works
configure:2506: ./a.out
configure:2509: $? = 0
configure:2526: result: yes
configure:2533: checking whether we are cross compiling
configure:2535: result: no
configure:2538: checking for suffix of executables
configure:2545: gcc -o conftest    conftest.c  >&5
configure:2548: $? = 0
configure:2572: result: 
configure:2578: checking for suffix of object files
configure:2604: gcc -c   conftest.c >&5
configure:2607: $? = 0
configure:2630: result: o
configure:2634: checking whether we are using the GNU C compiler
configure:2663: gcc -c   conftest.c >&5
configure:2669: $? = 0
configure:2686: result: yes
configure:2691: checking whether gcc accepts -g
configure:2721: gcc -c -g  conftest.c >&5
configure:2727: $? = 0
configure:2826: result: yes
configure:2843: checking for gcc option to accept ISO C89
configure:2917: gcc  -c -g -O2  conftest.c >&5
configure:2923: $? = 0
configure:2946: result: none needed
configure:2965: checking for library containing strerror
configure:3006: gcc -o conftest -g -O2   conftest.c  >&5
configure:3012: $? = 0
configure:3040: result: none required
configure:3062: checking for a BSD-compatible install
configure:3118: result: /usr/bin/install -c
configure:3129: checking whether build environment is sane
configure:3172: result: yes
configure:3237: checking for gawk
configure:3267: result: no
configure:3237: checking for mawk
configure:3253: found /usr/bin/mawk
configure:3264: result: mawk
configure:3275: checking whether make sets $(MAKE)
configure:3296: result: yes
configure:3326: checking for style of include used by make
configure:3354: result: GNU
configure:3546: checking dependency style of gcc
configure:3636: result: gcc3
configure:3662: checking how to run the C preprocessor
configure:3702: gcc -E  conftest.c
configure:3708: $? = 0
configure:3739: gcc -E  conftest.c
conftest.c:10:28: error: ac_nonexistent.h: No such file or directory
configure:3745: $? = 1
configure: failed program was:
| /* confdefs.h.  */
| #define PACKAGE_NAME ""
| #define PACKAGE_TARNAME ""
| #define PACKAGE_VERSION ""
| #define PACKAGE_STRING ""
| #define PACKAGE_BUGREPORT ""
| #define PACKAGE "exalt"
| #define VERSION "0.0.1"
| /* end confdefs.h.  */
| #include <ac_nonexistent.h>
configure:3778: result: gcc -E
configure:3807: gcc -E  conftest.c
configure:3813: $? = 0
configure:3844: gcc -E  conftest.c
conftest.c:10:28: error: ac_nonexistent.h: No such file or directory
configure:3850: $? = 1
configure: failed program was:
| /* confdefs.h.  */
| #define PACKAGE_NAME ""
| #define PACKAGE_TARNAME ""
| #define PACKAGE_VERSION ""
| #define PACKAGE_STRING ""
| #define PACKAGE_BUGREPORT ""
| #define PACKAGE "exalt"
| #define VERSION "0.0.1"
| /* end confdefs.h.  */
| #include <ac_nonexistent.h>
configure:3888: checking for grep that handles long lines and -e
configure:3962: result: /bin/grep
configure:3967: checking for egrep
configure:4045: result: /bin/grep -E
configure:4050: checking for ANSI C header files
configure:4080: gcc -c -g -O2  conftest.c >&5
configure:4086: $? = 0
configure:4185: gcc -o conftest -g -O2   conftest.c  >&5
configure:4188: $? = 0
configure:4194: ./conftest
configure:4197: $? = 0
configure:4214: result: yes
configure:4238: checking for sys/types.h
configure:4259: gcc -c -g -O2  conftest.c >&5
configure:4265: $? = 0
configure:4281: result: yes
configure:4238: checking for sys/stat.h
configure:4259: gcc -c -g -O2  conftest.c >&5
configure:4265: $? = 0
configure:4281: result: yes
configure:4238: checking for stdlib.h
configure:4259: gcc -c -g -O2  conftest.c >&5
configure:4265: $? = 0
configure:4281: result: yes
configure:4238: checking for string.h
configure:4259: gcc -c -g -O2  conftest.c >&5
configure:4265: $? = 0
configure:4281: result: yes
configure:4238: checking for memory.h
configure:4259: gcc -c -g -O2  conftest.c >&5
configure:4265: $? = 0
configure:4281: result: yes
configure:4238: checking for strings.h
configure:4259: gcc -c -g -O2  conftest.c >&5
configure:4265: $? = 0
configure:4281: result: yes
configure:4238: checking for inttypes.h
configure:4259: gcc -c -g -O2  conftest.c >&5
configure:4265: $? = 0
configure:4281: result: yes
configure:4238: checking for stdint.h
configure:4259: gcc -c -g -O2  conftest.c >&5
configure:4265: $? = 0
configure:4281: result: yes
configure:4238: checking for unistd.h
configure:4259: gcc -c -g -O2  conftest.c >&5
configure:4265: $? = 0
configure:4281: result: yes
configure:4293: checking whether byte ordering is bigendian
configure:4326: gcc -c -g -O2  conftest.c >&5
configure:4332: $? = 0
configure:4364: gcc -c -g -O2  conftest.c >&5
conftest.c: In function 'main':
conftest.c:27: error: 'not' undeclared (first use in this function)
conftest.c:27: error: (Each undeclared identifier is reported only once
conftest.c:27: error: for each function it appears in.)
conftest.c:27: error: expected ';' before 'big'
configure:4370: $? = 1
configure: failed program was:
| /* confdefs.h.  */
| #define PACKAGE_NAME ""
| #define PACKAGE_TARNAME ""
| #define PACKAGE_VERSION ""
| #define PACKAGE_STRING ""
| #define PACKAGE_BUGREPORT ""
| #define PACKAGE "exalt"
| #define VERSION "0.0.1"
| #define STDC_HEADERS 1
| #define HAVE_SYS_TYPES_H 1
| #define HAVE_SYS_STAT_H 1
| #define HAVE_STDLIB_H 1
| #define HAVE_STRING_H 1
| #define HAVE_MEMORY_H 1
| #define HAVE_STRINGS_H 1
| #define HAVE_INTTYPES_H 1
| #define HAVE_STDINT_H 1
| #define HAVE_UNISTD_H 1
| /* end confdefs.h.  */
| #include <sys/types.h>
| #include <sys/param.h>
| 
| int
| main ()
| {
| #if BYTE_ORDER != BIG_ENDIAN
|  not big endian
| #endif
| 
|   ;
|   return 0;
| }
configure:4510: result: no
configure:4577: checking for gcc
configure:4604: result: gcc
configure:4842: checking for C compiler version
configure:4849: gcc --version >&5
gcc (GCC) 4.1.2 (Ubuntu 4.1.2-0ubuntu4)
Copyright (C) 2006 Free Software Foundation, Inc.
This is free software; see the source for copying conditions.  There is NO
warranty; not even for MERCHANTABILITY or FITNESS FOR A PARTICULAR PURPOSE.

configure:4852: $? = 0
configure:4859: gcc -v >&5
Using built-in specs.
Target: i486-linux-gnu
Configured with: ../src/configure -v --enable-languages=c,c++,fortran,objc,obj-c++,treelang --prefix=/usr --enable-shared --with-system-zlib --libexecdir=/usr/lib --without-included-gettext --enable-threads=posix --enable-nls --program-suffix=-4.1 --enable-__cxa_atexit --enable-clocale=gnu --enable-libstdcxx-debug --enable-mpfr --enable-checking=release i486-linux-gnu
Thread model: posix
gcc version 4.1.2 (Ubuntu 4.1.2-0ubuntu4)
configure:4862: $? = 0
configure:4869: gcc -V >&5
gcc: '-V' option must have argument
configure:4872: $? = 1
configure:4875: checking whether we are using the GNU C compiler
configure:4927: result: yes
configure:4932: checking whether gcc accepts -g
configure:5067: result: yes
configure:5084: checking for gcc option to accept ISO C89
configure:5187: result: none needed
configure:5253: checking for gcc
configure:5280: result: gcc
configure:5518: checking for C compiler version
configure:5525: gcc --version >&5
gcc (GCC) 4.1.2 (Ubuntu 4.1.2-0ubuntu4)
Copyright (C) 2006 Free Software Foundation, Inc.
This is free software; see the source for copying conditions.  There is NO
warranty; not even for MERCHANTABILITY or FITNESS FOR A PARTICULAR PURPOSE.

configure:5528: $? = 0
configure:5535: gcc -v >&5
Using built-in specs.
Target: i486-linux-gnu
Configured with: ../src/configure -v --enable-languages=c,c++,fortran,objc,obj-c++,treelang --prefix=/usr --enable-shared --with-system-zlib --libexecdir=/usr/lib --without-included-gettext --enable-threads=posix --enable-nls --program-suffix=-4.1 --enable-__cxa_atexit --enable-clocale=gnu --enable-libstdcxx-debug --enable-mpfr --enable-checking=release i486-linux-gnu
Thread model: posix
gcc version 4.1.2 (Ubuntu 4.1.2-0ubuntu4)
configure:5538: $? = 0
configure:5545: gcc -V >&5
gcc: '-V' option must have argument
configure:5548: $? = 1
configure:5551: checking whether we are using the GNU C compiler
configure:5603: result: yes
configure:5608: checking whether gcc accepts -g
configure:5743: result: yes
configure:5760: checking for gcc option to accept ISO C89
configure:5863: result: none needed
configure:5884: checking for ANSI C header files
configure:6048: result: yes
configure:6058: checking for an ANSI C-conforming const
configure:6133: gcc -c -g -O2  conftest.c >&5
configure:6139: $? = 0
configure:6154: result: yes
configure:6236: checking for a sed that does not truncate output
configure:6290: result: /bin/sed
configure:6304: checking for ld used by gcc
configure:6371: result: /usr/bin/ld
configure:6380: checking if the linker (/usr/bin/ld) is GNU ld
configure:6395: result: yes
configure:6400: checking for /usr/bin/ld option to reload object files
configure:6407: result: -r
configure:6425: checking for BSD-compatible nm
configure:6474: result: /usr/bin/nm -B
configure:6478: checking whether ln -s works
configure:6482: result: yes
configure:6489: checking how to recognise dependent libraries
configure:6665: result: pass_all
configure:6908: checking dlfcn.h usability
configure:6925: gcc -c -g -O2  conftest.c >&5
configure:6931: $? = 0
configure:6945: result: yes
configure:6949: checking dlfcn.h presence
configure:6964: gcc -E  conftest.c
configure:6970: $? = 0
configure:6984: result: yes
configure:7012: checking for dlfcn.h
configure:7020: result: yes
configure:7091: checking for g++
configure:7107: found /usr/bin/g++
configure:7118: result: g++
configure:7149: checking for C++ compiler version
configure:7156: g++ --version >&5
g++ (GCC) 4.1.2 (Ubuntu 4.1.2-0ubuntu4)
Copyright (C) 2006 Free Software Foundation, Inc.
This is free software; see the source for copying conditions.  There is NO
warranty; not even for MERCHANTABILITY or FITNESS FOR A PARTICULAR PURPOSE.

configure:7159: $? = 0
configure:7166: g++ -v >&5
Using built-in specs.
Target: i486-linux-gnu
Configured with: ../src/configure -v --enable-languages=c,c++,fortran,objc,obj-c++,treelang --prefix=/usr --enable-shared --with-system-zlib --libexecdir=/usr/lib --without-included-gettext --enable-threads=posix --enable-nls --program-suffix=-4.1 --enable-__cxa_atexit --enable-clocale=gnu --enable-libstdcxx-debug --enable-mpfr --enable-checking=release i486-linux-gnu
Thread model: posix
gcc version 4.1.2 (Ubuntu 4.1.2-0ubuntu4)
configure:7169: $? = 0
configure:7176: g++ -V >&5
g++: '-V' option must have argument
configure:7179: $? = 1
configure:7182: checking whether we are using the GNU C++ compiler
configure:7211: g++ -c   conftest.cpp >&5
configure:7217: $? = 0
configure:7234: result: yes
configure:7239: checking whether g++ accepts -g
configure:7269: g++ -c -g  conftest.cpp >&5
configure:7275: $? = 0
configure:7374: result: yes
configure:7399: checking dependency style of g++
configure:7489: result: gcc3
configure:7516: checking how to run the C++ preprocessor
configure:7552: g++ -E  conftest.cpp
configure:7558: $? = 0
configure:7589: g++ -E  conftest.cpp
conftest.cpp:22:28: error: ac_nonexistent.h: No such file or directory
configure:7595: $? = 1
configure: failed program was:
| /* confdefs.h.  */
| #define PACKAGE_NAME ""
| #define PACKAGE_TARNAME ""
| #define PACKAGE_VERSION ""
| #define PACKAGE_STRING ""
| #define PACKAGE_BUGREPORT ""
| #define PACKAGE "exalt"
| #define VERSION "0.0.1"
| #define STDC_HEADERS 1
| #define HAVE_SYS_TYPES_H 1
| #define HAVE_SYS_STAT_H 1
| #define HAVE_STDLIB_H 1
| #define HAVE_STRING_H 1
| #define HAVE_MEMORY_H 1
| #define HAVE_STRINGS_H 1
| #define HAVE_INTTYPES_H 1
| #define HAVE_STDINT_H 1
| #define HAVE_UNISTD_H 1
| #define STDC_HEADERS 1
| #define HAVE_DLFCN_H 1
| /* end confdefs.h.  */
| #include <ac_nonexistent.h>
configure:7628: result: g++ -E
configure:7657: g++ -E  conftest.cpp
configure:7663: $? = 0
configure:7694: g++ -E  conftest.cpp
conftest.cpp:22:28: error: ac_nonexistent.h: No such file or directory
configure:7700: $? = 1
configure: failed program was:
| /* confdefs.h.  */
| #define PACKAGE_NAME ""
| #define PACKAGE_TARNAME ""
| #define PACKAGE_VERSION ""
| #define PACKAGE_STRING ""
| #define PACKAGE_BUGREPORT ""
| #define PACKAGE "exalt"
| #define VERSION "0.0.1"
| #define STDC_HEADERS 1
| #define HAVE_SYS_TYPES_H 1
| #define HAVE_SYS_STAT_H 1
| #define HAVE_STDLIB_H 1
| #define HAVE_STRING_H 1
| #define HAVE_MEMORY_H 1
| #define HAVE_STRINGS_H 1
| #define HAVE_INTTYPES_H 1
| #define HAVE_STDINT_H 1
| #define HAVE_UNISTD_H 1
| #define STDC_HEADERS 1
| #define HAVE_DLFCN_H 1
| /* end confdefs.h.  */
| #include <ac_nonexistent.h>
configure:7793: checking for g77
configure:7823: result: no
configure:7793: checking for xlf
configure:7823: result: no
configure:7793: checking for f77
configure:7823: result: no
configure:7793: checking for frt
configure:7823: result: no
configure:7793: checking for pgf77
configure:7823: result: no
configure:7793: checking for cf77
configure:7823: result: no
configure:7793: checking for fort77
configure:7823: result: no
configure:7793: checking for fl32
configure:7823: result: no
configure:7793: checking for af77
configure:7823: result: no
configure:7793: checking for xlf90
configure:7823: result: no
configure:7793: checking for f90
configure:7823: result: no
configure:7793: checking for pgf90
configure:7823: result: no
configure:7793: checking for pghpf
configure:7823: result: no
configure:7793: checking for epcf90
configure:7823: result: no
configure:7793: checking for gfortran
configure:7823: result: no
configure:7793: checking for g95
configure:7823: result: no
configure:7793: checking for xlf95
configure:7823: result: no
configure:7793: checking for f95
configure:7823: result: no
configure:7793: checking for fort
configure:7823: result: no
configure:7793: checking for ifort
configure:7823: result: no
configure:7793: checking for ifc
configure:7823: result: no
configure:7793: checking for efc
configure:7823: result: no
configure:7793: checking for pgf95
configure:7823: result: no
configure:7793: checking for lf95
configure:7823: result: no
configure:7793: checking for ftn
configure:7823: result: no
configure:7850: checking for Fortran 77 compiler version
configure:7857:  --version >&5
./configure: line 7858: --version: command not found
configure:7860: $? = 127
configure:7867:  -v >&5
./configure: line 7868: -v: command not found
configure:7870: $? = 127
configure:7877:  -V >&5
./configure: line 7878: -V: command not found
configure:7880: $? = 127
configure:7888: checking whether we are using the GNU Fortran 77 compiler
configure:7907:  -c  conftest.F >&5
./configure: line 7908: -c: command not found
configure:7913: $? = 127
configure: failed program was:
|       program main
| #ifndef __GNUC__
|        choke me
| #endif
| 
|       end
configure:7930: result: no
configure:7936: checking whether  accepts -g
configure:7953:  -c -g conftest.f >&5
./configure: line 7954: -c: command not found
configure:7959: $? = 127
configure: failed program was:
|       program main
| 
|       end
configure:7975: result: no
configure:8005: checking the maximum length of command line arguments
configure:8114: result: 32768
configure:8125: checking command to parse /usr/bin/nm -B output from gcc object
configure:8230: gcc -c -g -O2  conftest.c >&5
configure:8233: $? = 0
configure:8237: /usr/bin/nm -B conftest.o \| sed -n -e 's/^.*[ 	]\([ABCDGIRSTW][ABCDGIRSTW]*\)[ 	][ 	]*\([_A-Za-z][_A-Za-z0-9]*\)$/\1 \2 \2/p' \> conftest.nm
configure:8240: $? = 0
configure:8292: gcc -o conftest -g -O2   conftest.c conftstm.o >&5
configure:8295: $? = 0
configure:8333: result: ok
configure:8337: checking for objdir
configure:8352: result: .libs
configure:8444: checking for ar
configure:8460: found /usr/bin/ar
configure:8471: result: ar
configure:8540: checking for ranlib
configure:8556: found /usr/bin/ranlib
configure:8567: result: ranlib
configure:8636: checking for strip
configure:8652: found /usr/bin/strip
configure:8663: result: strip
configure:8949: checking if gcc supports -fno-rtti -fno-exceptions
configure:8967: gcc -c -g -O2  -fno-rtti -fno-exceptions conftest.c >&5
cc1: warning: command line option "-fno-rtti" is valid for C++/ObjC++ but not for C
configure:8971: $? = 0
configure:8984: result: no
configure:8999: checking for gcc option to produce PIC
configure:9209: result: -fPIC
configure:9217: checking if gcc PIC flag -fPIC works
configure:9235: gcc -c -g -O2  -fPIC -DPIC conftest.c >&5
configure:9239: $? = 0
configure:9252: result: yes
configure:9280: checking if gcc static flag -static works
configure:9308: result: yes
configure:9318: checking if gcc supports -c -o file.o
configure:9339: gcc -c -g -O2  -o out/conftest2.o conftest.c >&5
configure:9343: $? = 0
configure:9365: result: yes
configure:9391: checking whether the gcc linker (/usr/bin/ld) supports shared libraries
configure:10346: result: yes
configure:10367: checking whether -lc should be explicitly linked in
configure:10372: gcc -c -g -O2  conftest.c >&5
configure:10375: $? = 0
configure:10390: gcc -shared conftest.o  -v -Wl,-soname -Wl,conftest -o conftest 2\>\&1 \| grep  -lc  \>/dev/null 2\>\&1
configure:10393: $? = 0
configure:10405: result: no
configure:10413: checking dynamic linker characteristics
configure:10989: result: GNU/Linux ld.so
configure:10998: checking how to hardcode library paths into programs
configure:11023: result: immediate
configure:11037: checking whether stripping libraries is possible
configure:11042: result: yes
configure:11843: checking if libtool supports shared libraries
configure:11845: result: yes
configure:11848: checking whether to build shared libraries
configure:11869: result: yes
configure:11872: checking whether to build static libraries
configure:11876: result: yes
configure:11968: creating libtool
configure:12556: checking for ld used by g++
configure:12623: result: /usr/bin/ld
configure:12632: checking if the linker (/usr/bin/ld) is GNU ld
configure:12647: result: yes
configure:12698: checking whether the g++ linker (/usr/bin/ld) supports shared libraries
configure:13632: result: yes
configure:13650: g++ -c -g -O2  conftest.cpp >&5
configure:13653: $? = 0
configure:13772: checking for g++ option to produce PIC
configure:14046: result: -fPIC
configure:14054: checking if g++ PIC flag -fPIC works
configure:14072: g++ -c -g -O2  -fPIC -DPIC conftest.cpp >&5
configure:14076: $? = 0
configure:14089: result: yes
configure:14117: checking if g++ static flag -static works
configure:14145: result: yes
configure:14155: checking if g++ supports -c -o file.o
configure:14176: g++ -c -g -O2  -o out/conftest2.o conftest.cpp >&5
configure:14180: $? = 0
configure:14202: result: yes
configure:14228: checking whether the g++ linker (/usr/bin/ld) supports shared libraries
configure:14256: result: yes
configure:14323: checking dynamic linker characteristics
configure:14899: result: GNU/Linux ld.so
configure:14908: checking how to hardcode library paths into programs
configure:14933: result: immediate
configure:21118: checking for /etc/debian_version
configure:21133: result: yes
configure:21217: checking for pkg-config
configure:21235: found /usr/bin/pkg-config
configure:21247: result: /usr/bin/pkg-config
configure:21276: checking pkg-config is at least version 0.9.0
configure:21279: result: yes
configure:21290: checking for LIBEXALT
configure:21301: $PKG_CONFIG --exists --print-errors "
		ecore >= 0.9.9.037,
		ecore-config >= 0.9.9.038
		"
configure:21307: $? = 0
configure:21328: $PKG_CONFIG --exists --print-errors "
		ecore >= 0.9.9.037,
		ecore-config >= 0.9.9.038
		"
configure:21334: $? = 0
configure:21425: result: yes
configure:21558: creating ./config.status

## ---------------------- ##
## Running config.status. ##
## ---------------------- ##

This file was extended by config.status, which was
generated by GNU Autoconf 2.61.  Invocation command line was

  CONFIG_FILES    = 
  CONFIG_HEADERS  = 
  CONFIG_LINKS    = 
  CONFIG_COMMANDS = 
  $ ./config.status 

on watchwolf

config.status:667: creating Makefile
config.status:667: creating exalt.pc
config.status:667: creating src/Makefile
config.status:667: creating debian/changelog
config.status:667: creating config.h
config.status:893: config.h is unchanged
config.status:939: executing depfiles commands

## ---------------- ##
## Cache variables. ##
## ---------------- ##

ac_cv_build=i686-pc-linux-gnu
ac_cv_c_bigendian=no
ac_cv_c_compiler_gnu=yes
ac_cv_c_const=yes
ac_cv_cxx_compiler_gnu=yes
ac_cv_env_CCC_set=
ac_cv_env_CCC_value=
ac_cv_env_CC_set=
ac_cv_env_CC_value=
ac_cv_env_CFLAGS_set=
ac_cv_env_CFLAGS_value=
ac_cv_env_CPPFLAGS_set=
ac_cv_env_CPPFLAGS_value=
ac_cv_env_CPP_set=
ac_cv_env_CPP_value=
ac_cv_env_CXXCPP_set=
ac_cv_env_CXXCPP_value=
ac_cv_env_CXXFLAGS_set=
ac_cv_env_CXXFLAGS_value=
ac_cv_env_CXX_set=
ac_cv_env_CXX_value=
ac_cv_env_F77_set=
ac_cv_env_F77_value=
ac_cv_env_FFLAGS_set=
ac_cv_env_FFLAGS_value=
ac_cv_env_LDFLAGS_set=
ac_cv_env_LDFLAGS_value=
ac_cv_env_LIBEXALT_CFLAGS_set=
ac_cv_env_LIBEXALT_CFLAGS_value=
ac_cv_env_LIBEXALT_LIBS_set=
ac_cv_env_LIBEXALT_LIBS_value=
ac_cv_env_LIBS_set=
ac_cv_env_LIBS_value=
ac_cv_env_PKG_CONFIG_set=
ac_cv_env_PKG_CONFIG_value=
ac_cv_env_build_alias_set=
ac_cv_env_build_alias_value=
ac_cv_env_host_alias_set=
ac_cv_env_host_alias_value=
ac_cv_env_target_alias_set=
ac_cv_env_target_alias_value=
ac_cv_f77_compiler_gnu=no
ac_cv_file__etc_debian_version=yes
ac_cv_header_dlfcn_h=yes
ac_cv_header_inttypes_h=yes
ac_cv_header_memory_h=yes
ac_cv_header_stdc=yes
ac_cv_header_stdint_h=yes
ac_cv_header_stdlib_h=yes
ac_cv_header_string_h=yes
ac_cv_header_strings_h=yes
ac_cv_header_sys_stat_h=yes
ac_cv_header_sys_types_h=yes
ac_cv_header_unistd_h=yes
ac_cv_host=i686-pc-linux-gnu
ac_cv_objext=o
ac_cv_path_EGREP='/bin/grep -E'
ac_cv_path_GREP=/bin/grep
ac_cv_path_ac_pt_PKG_CONFIG=/usr/bin/pkg-config
ac_cv_path_install='/usr/bin/install -c'
ac_cv_prog_AWK=mawk
ac_cv_prog_CPP='gcc -E'
ac_cv_prog_CXXCPP='g++ -E'
ac_cv_prog_ac_ct_AR=ar
ac_cv_prog_ac_ct_CC=gcc
ac_cv_prog_ac_ct_CXX=g++
ac_cv_prog_ac_ct_RANLIB=ranlib
ac_cv_prog_ac_ct_STRIP=strip
ac_cv_prog_cc_c89=
ac_cv_prog_cc_g=yes
ac_cv_prog_cxx_g=yes
ac_cv_prog_f77_g=no
ac_cv_prog_make_make_set=yes
ac_cv_search_strerror='none required'
am_cv_CC_dependencies_compiler_type=gcc3
am_cv_CXX_dependencies_compiler_type=gcc3
am_cv_prog_cc_stdc=
lt_cv_deplibs_check_method=pass_all
lt_cv_file_magic_cmd='$MAGIC_CMD'
lt_cv_file_magic_test_file=
lt_cv_ld_reload_flag=-r
lt_cv_objdir=.libs
lt_cv_path_LD=/usr/bin/ld
lt_cv_path_LDCXX=/usr/bin/ld
lt_cv_path_NM='/usr/bin/nm -B'
lt_cv_path_SED=/bin/sed
lt_cv_prog_compiler_c_o=yes
lt_cv_prog_compiler_c_o_CXX=yes
lt_cv_prog_compiler_rtti_exceptions=no
lt_cv_prog_gnu_ld=yes
lt_cv_prog_gnu_ldcxx=yes
lt_cv_sys_global_symbol_pipe='sed -n -e '\''s/^.*[ 	]\([ABCDGIRSTW][ABCDGIRSTW]*\)[ 	][ 	]*\([_A-Za-z][_A-Za-z0-9]*\)$/\1 \2 \2/p'\'''
lt_cv_sys_global_symbol_to_c_name_address='sed -n -e '\''s/^: \([^ ]*\) $/  {\"\1\", (lt_ptr) 0},/p'\'' -e '\''s/^[BCDEGRST] \([^ ]*\) \([^ ]*\)$/  {"\2", (lt_ptr) \&\2},/p'\'''
lt_cv_sys_global_symbol_to_cdecl='sed -n -e '\''s/^. .* \(.*\)$/extern int \1;/p'\'''
lt_cv_sys_max_cmd_len=32768
lt_lt_cv_prog_compiler_c_o='"yes"'
lt_lt_cv_prog_compiler_c_o_CXX='"yes"'
lt_lt_cv_sys_global_symbol_pipe='"sed -n -e '\''s/^.*[ 	]\\([ABCDGIRSTW][ABCDGIRSTW]*\\)[ 	][ 	]*\\([_A-Za-z][_A-Za-z0-9]*\\)\$/\\1 \\2 \\2/p'\''"'
lt_lt_cv_sys_global_symbol_to_c_name_address='"sed -n -e '\''s/^: \\([^ ]*\\) \$/  {\\\"\\1\\\", (lt_ptr) 0},/p'\'' -e '\''s/^[BCDEGRST] \\([^ ]*\\) \\([^ ]*\\)\$/  {\"\\2\", (lt_ptr) \\&\\2},/p'\''"'
lt_lt_cv_sys_global_symbol_to_cdecl='"sed -n -e '\''s/^. .* \\(.*\\)\$/extern int \\1;/p'\''"'
pkg_cv_LIBEXALT_CFLAGS='-I/opt/e17/include  '
pkg_cv_LIBEXALT_LIBS='-L/opt/e17/lib -lecore_config -lecore -leet  '

## ----------------- ##
## Output variables. ##
## ----------------- ##

ACLOCAL='${SHELL} /home/watchwolf/Projects/C/exalt/libexalt/missing --run aclocal-1.9'
AMDEPBACKSLASH='\'
AMDEP_FALSE='#'
AMDEP_TRUE=''
AMTAR='${SHELL} /home/watchwolf/Projects/C/exalt/libexalt/missing --run tar'
AR='ar'
AUTOCONF='${SHELL} /home/watchwolf/Projects/C/exalt/libexalt/missing --run autoconf'
AUTOHEADER='${SHELL} /home/watchwolf/Projects/C/exalt/libexalt/missing --run autoheader'
AUTOMAKE='${SHELL} /home/watchwolf/Projects/C/exalt/libexalt/missing --run automake-1.9'
AWK='mawk'
CC='gcc'
CCDEPMODE='depmode=gcc3'
CFLAGS='-g -O2'
CPP='gcc -E'
CPPFLAGS=''
CXX='g++'
CXXCPP='g++ -E'
CXXDEPMODE='depmode=gcc3'
CXXFLAGS='-g -O2'
CYGPATH_W='echo'
DEFS='-DHAVE_CONFIG_H'
DEPDIR='.deps'
ECHO='echo'
ECHO_C=''
ECHO_N='-n'
ECHO_T=''
EGREP='/bin/grep -E'
EXEEXT=''
F77=''
FFLAGS=''
GREP='/bin/grep'
INSTALL_DATA='${INSTALL} -m 644'
INSTALL_PROGRAM='${INSTALL}'
INSTALL_SCRIPT='${INSTALL}'
INSTALL_STRIP_PROGRAM='${SHELL} $(install_sh) -c -s'
LDFLAGS=''
LIBEXALT_CFLAGS='-I/opt/e17/include  '
LIBEXALT_LIBS='-L/opt/e17/lib -lecore_config -lecore -leet  '
LIBOBJS=''
LIBS=''
LIBTOOL='$(SHELL) $(top_builddir)/libtool'
LN_S='ln -s'
LTLIBOBJS=''
MAKEINFO='${SHELL} /home/watchwolf/Projects/C/exalt/libexalt/missing --run makeinfo'
OBJEXT='o'
PACKAGE='exalt'
PACKAGE_BUGREPORT=''
PACKAGE_NAME=''
PACKAGE_STRING=''
PACKAGE_TARNAME=''
PACKAGE_VERSION=''
PATH_SEPARATOR=':'
PKG_CONFIG='/usr/bin/pkg-config'
RANLIB='ranlib'
SET_MAKE=''
SHELL='/bin/bash'
STRIP='strip'
VERSION='0.0.1'
ac_ct_CC='gcc'
ac_ct_CXX='g++'
ac_ct_F77=''
am__fastdepCC_FALSE='#'
am__fastdepCC_TRUE=''
am__fastdepCXX_FALSE='#'
am__fastdepCXX_TRUE=''
am__include='include'
am__leading_dot='.'
am__quote=''
am__tar='${AMTAR} chof - "$$tardir"'
am__untar='${AMTAR} xf -'
bindir='${exec_prefix}/bin'
build='i686-pc-linux-gnu'
build_alias=''
build_cpu='i686'
build_os='linux-gnu'
build_vendor='pc'
datadir='${datarootdir}'
datarootdir='${prefix}/share'
docdir='${datarootdir}/doc/${PACKAGE}'
dvidir='${docdir}'
exec_prefix='${prefix}'
host='i686-pc-linux-gnu'
host_alias=''
host_cpu='i686'
host_os='linux-gnu'
host_vendor='pc'
htmldir='${docdir}'
includedir='${prefix}/include'
infodir='${datarootdir}/info'
install_sh='/home/watchwolf/Projects/C/exalt/libexalt/install-sh'
libdir='/usr/local/lib'
libexecdir='${exec_prefix}/libexec'
localedir='${datarootdir}/locale'
localstatedir='${prefix}/var'
mandir='${datarootdir}/man'
mkdir_p='mkdir -p --'
oldincludedir='/usr/include'
packagesrcdir='/home/watchwolf/Projects/C/exalt/libexalt'
pdfdir='${docdir}'
prefix='/usr/local'
program_transform_name='s,x,x,'
psdir='${docdir}'
requirements=''
sbindir='${exec_prefix}/sbin'
sharedstatedir='${prefix}/com'
sysconfdir='${prefix}/etc'
target_alias=''

## ----------- ##
## confdefs.h. ##
## ----------- ##

#define PACKAGE_NAME ""
#define PACKAGE_TARNAME ""
#define PACKAGE_VERSION ""
#define PACKAGE_STRING ""
#define PACKAGE_BUGREPORT ""
#define PACKAGE "exalt"
#define VERSION "0.0.1"
#define STDC_HEADERS 1
#define HAVE_SYS_TYPES_H 1
#define HAVE_SYS_STAT_H 1
#define HAVE_STDLIB_H 1
#define HAVE_STRING_H 1
#define HAVE_MEMORY_H 1
#define HAVE_STRINGS_H 1
#define HAVE_INTTYPES_H 1
#define HAVE_STDINT_H 1
#define HAVE_UNISTD_H 1
#define STDC_HEADERS 1
#define HAVE_DLFCN_H 1
#define PACKAGE_DATA_DIR "/usr/local/share/exalt"
#define PACKAGE_LIB_DIR "/usr/local/lib"
#define PACKAGE_SOURCE_DIR "/home/watchwolf/Projects/C/exalt/libexalt"
#define DIST_DEBIAN "debian"

configure: exit 0

## ---------------------- ##
## Running config.status. ##
## ---------------------- ##

This file was extended by config.status, which was
generated by GNU Autoconf 2.61.  Invocation command line was

  CONFIG_FILES    = 
  CONFIG_HEADERS  = 
  CONFIG_LINKS    = 
  CONFIG_COMMANDS = 
  $ ./config.status config.h

on watchwolf

config.status:667: creating config.h
config.status:893: config.h is unchanged
